xrun: 22.03-s012: (c) Copyright 1995-2023 Cadence Design Systems, Inc.
TOOL:	xrun	22.03-s012: Started on Dec 26, 2025 at 19:19:31 CST
xrun
	typedefs.sv
	alu.sv
	alu_test.sv
SOFTINCLUDE $SYSTEM_CDS_LIB_DIR/cds.lib
|
xrun: *W,DLCVAR (/home/grads/s/shenyuchun/cds.lib,1): cds.lib Invalid environment variable ''.
DEFINE      basic                   $CDK_DIR/lib/basic
|
xrun: *W,DLCVAR (/home/grads/s/shenyuchun/cds.lib,2): cds.lib Invalid environment variable ''.
DEFINE      NCSU_Analog_Parts 	    $CDK_DIR/lib/NCSU_Analog_Parts
|
xrun: *W,DLCVAR (/home/grads/s/shenyuchun/cds.lib,3): cds.lib Invalid environment variable ''.
DEFINE      NCSU_Digital_Parts 	    $CDK_DIR/lib/NCSU_Digital_Parts
|
xrun: *W,DLCVAR (/home/grads/s/shenyuchun/cds.lib,4): cds.lib Invalid environment variable ''.
DEFINE      NCSU_TechLib_ami06      $CDK_DIR/lib/NCSU_TechLib_ami06
|
xrun: *W,DLCVAR (/home/grads/s/shenyuchun/cds.lib,6): cds.lib Invalid environment variable ''.
DEFINE      NCSU_TechLib_ami16      $CDK_DIR/lib/NCSU_TechLib_ami16
|
xrun: *W,DLCVAR (/home/grads/s/shenyuchun/cds.lib,7): cds.lib Invalid environment variable ''.
DEFINE      NCSU_TechLib_hp06       $CDK_DIR/lib/NCSU_TechLib_hp06
|
xrun: *W,DLCVAR (/home/grads/s/shenyuchun/cds.lib,8): cds.lib Invalid environment variable ''.
DEFINE      NCSU_TechLib_tsmc02     $CDK_DIR/lib/NCSU_TechLib_tsmc02
|
xrun: *W,DLCVAR (/home/grads/s/shenyuchun/cds.lib,9): cds.lib Invalid environment variable ''.
DEFINE      NCSU_TechLib_tsmc02d    $CDK_DIR/lib/NCSU_TechLib_tsmc02d
|
xrun: *W,DLCVAR (/home/grads/s/shenyuchun/cds.lib,10): cds.lib Invalid environment variable ''.
DEFINE      NCSU_TechLib_tsmc03     $CDK_DIR/lib/NCSU_TechLib_tsmc03
|
xrun: *W,DLCVAR (/home/grads/s/shenyuchun/cds.lib,11): cds.lib Invalid environment variable ''.
DEFINE      NCSU_TechLib_tsmc03d    $CDK_DIR/lib/NCSU_TechLib_tsmc03d
|
xrun: *W,DLCVAR (/home/grads/s/shenyuchun/cds.lib,12): cds.lib Invalid environment variable ''.
DEFINE      NCSU_TechLib_tsmc04_4M2P    $CDK_DIR/lib/NCSU_TechLib_tsmc04_4M2P
|
xrun: *W,DLCVAR (/home/grads/s/shenyuchun/cds.lib,13): cds.lib Invalid environment variable ''.
SOFTINCLUDE $SYSTEM_CDS_LIB_DIR/cds.lib
|
xrun: *W,DLCVAR (/home/grads/s/shenyuchun/cds.lib,1): cds.lib Invalid environment variable ''.
DEFINE      basic                   $CDK_DIR/lib/basic
|
xrun: *W,DLCVAR (/home/grads/s/shenyuchun/cds.lib,2): cds.lib Invalid environment variable ''.
DEFINE      NCSU_Analog_Parts 	    $CDK_DIR/lib/NCSU_Analog_Parts
|
xrun: *W,DLCVAR (/home/grads/s/shenyuchun/cds.lib,3): cds.lib Invalid environment variable ''.
DEFINE      NCSU_Digital_Parts 	    $CDK_DIR/lib/NCSU_Digital_Parts
|
xrun: *W,DLCVAR (/home/grads/s/shenyuchun/cds.lib,4): cds.lib Invalid environment variable ''.
DEFINE      NCSU_TechLib_ami06      $CDK_DIR/lib/NCSU_TechLib_ami06
|
xrun: *W,DLCVAR (/home/grads/s/shenyuchun/cds.lib,6): cds.lib Invalid environment variable ''.
DEFINE      NCSU_TechLib_ami16      $CDK_DIR/lib/NCSU_TechLib_ami16
|
xrun: *W,DLCVAR (/home/grads/s/shenyuchun/cds.lib,7): cds.lib Invalid environment variable ''.
DEFINE      NCSU_TechLib_hp06       $CDK_DIR/lib/NCSU_TechLib_hp06
|
xrun: *W,DLCVAR (/home/grads/s/shenyuchun/cds.lib,8): cds.lib Invalid environment variable ''.
DEFINE      NCSU_TechLib_tsmc02     $CDK_DIR/lib/NCSU_TechLib_tsmc02
|
xrun: *W,DLCVAR (/home/grads/s/shenyuchun/cds.lib,9): cds.lib Invalid environment variable ''.
DEFINE      NCSU_TechLib_tsmc02d    $CDK_DIR/lib/NCSU_TechLib_tsmc02d
|
xrun: *W,DLCVAR (/home/grads/s/shenyuchun/cds.lib,10): cds.lib Invalid environment variable ''.
DEFINE      NCSU_TechLib_tsmc03     $CDK_DIR/lib/NCSU_TechLib_tsmc03
|
xrun: *W,DLCVAR (/home/grads/s/shenyuchun/cds.lib,11): cds.lib Invalid environment variable ''.
DEFINE      NCSU_TechLib_tsmc03d    $CDK_DIR/lib/NCSU_TechLib_tsmc03d
|
xrun: *W,DLCVAR (/home/grads/s/shenyuchun/cds.lib,12): cds.lib Invalid environment variable ''.
DEFINE      NCSU_TechLib_tsmc04_4M2P    $CDK_DIR/lib/NCSU_TechLib_tsmc04_4M2P
|
xrun: *W,DLCVAR (/home/grads/s/shenyuchun/cds.lib,13): cds.lib Invalid environment variable ''.
SOFTINCLUDE $SYSTEM_CDS_LIB_DIR/cds.lib
|
xrun: *W,DLCVAR (/home/grads/s/shenyuchun/cds.lib,1): cds.lib Invalid environment variable ''.
DEFINE      basic                   $CDK_DIR/lib/basic
|
xrun: *W,DLCVAR (/home/grads/s/shenyuchun/cds.lib,2): cds.lib Invalid environment variable ''.
DEFINE      NCSU_Analog_Parts 	    $CDK_DIR/lib/NCSU_Analog_Parts
|
xrun: *W,DLCVAR (/home/grads/s/shenyuchun/cds.lib,3): cds.lib Invalid environment variable ''.
DEFINE      NCSU_Digital_Parts 	    $CDK_DIR/lib/NCSU_Digital_Parts
|
xrun: *W,DLCVAR (/home/grads/s/shenyuchun/cds.lib,4): cds.lib Invalid environment variable ''.
DEFINE      NCSU_TechLib_ami06      $CDK_DIR/lib/NCSU_TechLib_ami06
|
xrun: *W,DLCVAR (/home/grads/s/shenyuchun/cds.lib,6): cds.lib Invalid environment variable ''.
DEFINE      NCSU_TechLib_ami16      $CDK_DIR/lib/NCSU_TechLib_ami16
|
xrun: *W,DLCVAR (/home/grads/s/shenyuchun/cds.lib,7): cds.lib Invalid environment variable ''.
DEFINE      NCSU_TechLib_hp06       $CDK_DIR/lib/NCSU_TechLib_hp06
|
xrun: *W,DLCVAR (/home/grads/s/shenyuchun/cds.lib,8): cds.lib Invalid environment variable ''.
DEFINE      NCSU_TechLib_tsmc02     $CDK_DIR/lib/NCSU_TechLib_tsmc02
|
xrun: *W,DLCVAR (/home/grads/s/shenyuchun/cds.lib,9): cds.lib Invalid environment variable ''.
DEFINE      NCSU_TechLib_tsmc02d    $CDK_DIR/lib/NCSU_TechLib_tsmc02d
|
xrun: *W,DLCVAR (/home/grads/s/shenyuchun/cds.lib,10): cds.lib Invalid environment variable ''.
DEFINE      NCSU_TechLib_tsmc03     $CDK_DIR/lib/NCSU_TechLib_tsmc03
|
xrun: *W,DLCVAR (/home/grads/s/shenyuchun/cds.lib,11): cds.lib Invalid environment variable ''.
DEFINE      NCSU_TechLib_tsmc03d    $CDK_DIR/lib/NCSU_TechLib_tsmc03d
|
xrun: *W,DLCVAR (/home/grads/s/shenyuchun/cds.lib,12): cds.lib Invalid environment variable ''.
DEFINE      NCSU_TechLib_tsmc04_4M2P    $CDK_DIR/lib/NCSU_TechLib_tsmc04_4M2P
|
xrun: *W,DLCVAR (/home/grads/s/shenyuchun/cds.lib,13): cds.lib Invalid environment variable ''.
SOFTINCLUDE $SYSTEM_CDS_LIB_DIR/cds.lib
|
xrun: *W,DLCVAR (/home/grads/s/shenyuchun/cds.lib,1): cds.lib Invalid environment variable ''.
DEFINE      basic                   $CDK_DIR/lib/basic
|
xrun: *W,DLCVAR (/home/grads/s/shenyuchun/cds.lib,2): cds.lib Invalid environment variable ''.
DEFINE      NCSU_Analog_Parts 	    $CDK_DIR/lib/NCSU_Analog_Parts
|
xrun: *W,DLCVAR (/home/grads/s/shenyuchun/cds.lib,3): cds.lib Invalid environment variable ''.
DEFINE      NCSU_Digital_Parts 	    $CDK_DIR/lib/NCSU_Digital_Parts
|
xrun: *W,DLCVAR (/home/grads/s/shenyuchun/cds.lib,4): cds.lib Invalid environment variable ''.
DEFINE      NCSU_TechLib_ami06      $CDK_DIR/lib/NCSU_TechLib_ami06
|
xrun: *W,DLCVAR (/home/grads/s/shenyuchun/cds.lib,6): cds.lib Invalid environment variable ''.
DEFINE      NCSU_TechLib_ami16      $CDK_DIR/lib/NCSU_TechLib_ami16
|
xrun: *W,DLCVAR (/home/grads/s/shenyuchun/cds.lib,7): cds.lib Invalid environment variable ''.
DEFINE      NCSU_TechLib_hp06       $CDK_DIR/lib/NCSU_TechLib_hp06
|
xrun: *W,DLCVAR (/home/grads/s/shenyuchun/cds.lib,8): cds.lib Invalid environment variable ''.
DEFINE      NCSU_TechLib_tsmc02     $CDK_DIR/lib/NCSU_TechLib_tsmc02
|
xrun: *W,DLCVAR (/home/grads/s/shenyuchun/cds.lib,9): cds.lib Invalid environment variable ''.
DEFINE      NCSU_TechLib_tsmc02d    $CDK_DIR/lib/NCSU_TechLib_tsmc02d
|
xrun: *W,DLCVAR (/home/grads/s/shenyuchun/cds.lib,10): cds.lib Invalid environment variable ''.
DEFINE      NCSU_TechLib_tsmc03     $CDK_DIR/lib/NCSU_TechLib_tsmc03
|
xrun: *W,DLCVAR (/home/grads/s/shenyuchun/cds.lib,11): cds.lib Invalid environment variable ''.
DEFINE      NCSU_TechLib_tsmc03d    $CDK_DIR/lib/NCSU_TechLib_tsmc03d
|
xrun: *W,DLCVAR (/home/grads/s/shenyuchun/cds.lib,12): cds.lib Invalid environment variable ''.
DEFINE      NCSU_TechLib_tsmc04_4M2P    $CDK_DIR/lib/NCSU_TechLib_tsmc04_4M2P
|
xrun: *W,DLCVAR (/home/grads/s/shenyuchun/cds.lib,13): cds.lib Invalid environment variable ''.
Recompiling... reason: file './alu.sv' is newer than expected.
	expected: Fri Dec 26 19:16:36 2025
	actual:   Fri Dec 26 19:19:27 2025
SOFTINCLUDE $SYSTEM_CDS_LIB_DIR/cds.lib
|
xrun: *W,DLCVAR (/home/grads/s/shenyuchun/cds.lib,1): cds.lib Invalid environment variable ''.
DEFINE      basic                   $CDK_DIR/lib/basic
|
xrun: *W,DLCVAR (/home/grads/s/shenyuchun/cds.lib,2): cds.lib Invalid environment variable ''.
DEFINE      NCSU_Analog_Parts 	    $CDK_DIR/lib/NCSU_Analog_Parts
|
xrun: *W,DLCVAR (/home/grads/s/shenyuchun/cds.lib,3): cds.lib Invalid environment variable ''.
DEFINE      NCSU_Digital_Parts 	    $CDK_DIR/lib/NCSU_Digital_Parts
|
xrun: *W,DLCVAR (/home/grads/s/shenyuchun/cds.lib,4): cds.lib Invalid environment variable ''.
DEFINE      NCSU_TechLib_ami06      $CDK_DIR/lib/NCSU_TechLib_ami06
|
xrun: *W,DLCVAR (/home/grads/s/shenyuchun/cds.lib,6): cds.lib Invalid environment variable ''.
DEFINE      NCSU_TechLib_ami16      $CDK_DIR/lib/NCSU_TechLib_ami16
|
xrun: *W,DLCVAR (/home/grads/s/shenyuchun/cds.lib,7): cds.lib Invalid environment variable ''.
DEFINE      NCSU_TechLib_hp06       $CDK_DIR/lib/NCSU_TechLib_hp06
|
xrun: *W,DLCVAR (/home/grads/s/shenyuchun/cds.lib,8): cds.lib Invalid environment variable ''.
DEFINE      NCSU_TechLib_tsmc02     $CDK_DIR/lib/NCSU_TechLib_tsmc02
|
xrun: *W,DLCVAR (/home/grads/s/shenyuchun/cds.lib,9): cds.lib Invalid environment variable ''.
DEFINE      NCSU_TechLib_tsmc02d    $CDK_DIR/lib/NCSU_TechLib_tsmc02d
|
xrun: *W,DLCVAR (/home/grads/s/shenyuchun/cds.lib,10): cds.lib Invalid environment variable ''.
DEFINE      NCSU_TechLib_tsmc03     $CDK_DIR/lib/NCSU_TechLib_tsmc03
|
xrun: *W,DLCVAR (/home/grads/s/shenyuchun/cds.lib,11): cds.lib Invalid environment variable ''.
DEFINE      NCSU_TechLib_tsmc03d    $CDK_DIR/lib/NCSU_TechLib_tsmc03d
|
xrun: *W,DLCVAR (/home/grads/s/shenyuchun/cds.lib,12): cds.lib Invalid environment variable ''.
DEFINE      NCSU_TechLib_tsmc04_4M2P    $CDK_DIR/lib/NCSU_TechLib_tsmc04_4M2P
|
xrun: *W,DLCVAR (/home/grads/s/shenyuchun/cds.lib,13): cds.lib Invalid environment variable ''.
SOFTINCLUDE $SYSTEM_CDS_LIB_DIR/cds.lib
|
xmvlog: *W,DLCVAR (/home/grads/s/shenyuchun/cds.lib,1): cds.lib Invalid environment variable ''.
DEFINE      basic                   $CDK_DIR/lib/basic
|
xmvlog: *W,DLCVAR (/home/grads/s/shenyuchun/cds.lib,2): cds.lib Invalid environment variable ''.
DEFINE      NCSU_Analog_Parts 	    $CDK_DIR/lib/NCSU_Analog_Parts
|
xmvlog: *W,DLCVAR (/home/grads/s/shenyuchun/cds.lib,3): cds.lib Invalid environment variable ''.
DEFINE      NCSU_Digital_Parts 	    $CDK_DIR/lib/NCSU_Digital_Parts
|
xmvlog: *W,DLCVAR (/home/grads/s/shenyuchun/cds.lib,4): cds.lib Invalid environment variable ''.
DEFINE      NCSU_TechLib_ami06      $CDK_DIR/lib/NCSU_TechLib_ami06
|
xmvlog: *W,DLCVAR (/home/grads/s/shenyuchun/cds.lib,6): cds.lib Invalid environment variable ''.
DEFINE      NCSU_TechLib_ami16      $CDK_DIR/lib/NCSU_TechLib_ami16
|
xmvlog: *W,DLCVAR (/home/grads/s/shenyuchun/cds.lib,7): cds.lib Invalid environment variable ''.
DEFINE      NCSU_TechLib_hp06       $CDK_DIR/lib/NCSU_TechLib_hp06
|
xmvlog: *W,DLCVAR (/home/grads/s/shenyuchun/cds.lib,8): cds.lib Invalid environment variable ''.
DEFINE      NCSU_TechLib_tsmc02     $CDK_DIR/lib/NCSU_TechLib_tsmc02
|
xmvlog: *W,DLCVAR (/home/grads/s/shenyuchun/cds.lib,9): cds.lib Invalid environment variable ''.
DEFINE      NCSU_TechLib_tsmc02d    $CDK_DIR/lib/NCSU_TechLib_tsmc02d
|
xmvlog: *W,DLCVAR (/home/grads/s/shenyuchun/cds.lib,10): cds.lib Invalid environment variable ''.
DEFINE      NCSU_TechLib_tsmc03     $CDK_DIR/lib/NCSU_TechLib_tsmc03
|
xmvlog: *W,DLCVAR (/home/grads/s/shenyuchun/cds.lib,11): cds.lib Invalid environment variable ''.
DEFINE      NCSU_TechLib_tsmc03d    $CDK_DIR/lib/NCSU_TechLib_tsmc03d
|
xmvlog: *W,DLCVAR (/home/grads/s/shenyuchun/cds.lib,12): cds.lib Invalid environment variable ''.
DEFINE      NCSU_TechLib_tsmc04_4M2P    $CDK_DIR/lib/NCSU_TechLib_tsmc04_4M2P
|
xmvlog: *W,DLCVAR (/home/grads/s/shenyuchun/cds.lib,13): cds.lib Invalid environment variable ''.
file: alu.sv
	module worklib.alu:sv
		errors: 0, warnings: 0
	Total errors/warnings found outside modules and primitives:
		errors: 0, warnings: 12
SOFTINCLUDE $SYSTEM_CDS_LIB_DIR/cds.lib
|
xrun: *W,DLCVAR (/home/grads/s/shenyuchun/cds.lib,1): cds.lib Invalid environment variable ''.
DEFINE      basic                   $CDK_DIR/lib/basic
|
xrun: *W,DLCVAR (/home/grads/s/shenyuchun/cds.lib,2): cds.lib Invalid environment variable ''.
DEFINE      NCSU_Analog_Parts 	    $CDK_DIR/lib/NCSU_Analog_Parts
|
xrun: *W,DLCVAR (/home/grads/s/shenyuchun/cds.lib,3): cds.lib Invalid environment variable ''.
DEFINE      NCSU_Digital_Parts 	    $CDK_DIR/lib/NCSU_Digital_Parts
|
xrun: *W,DLCVAR (/home/grads/s/shenyuchun/cds.lib,4): cds.lib Invalid environment variable ''.
DEFINE      NCSU_TechLib_ami06      $CDK_DIR/lib/NCSU_TechLib_ami06
|
xrun: *W,DLCVAR (/home/grads/s/shenyuchun/cds.lib,6): cds.lib Invalid environment variable ''.
DEFINE      NCSU_TechLib_ami16      $CDK_DIR/lib/NCSU_TechLib_ami16
|
xrun: *W,DLCVAR (/home/grads/s/shenyuchun/cds.lib,7): cds.lib Invalid environment variable ''.
DEFINE      NCSU_TechLib_hp06       $CDK_DIR/lib/NCSU_TechLib_hp06
|
xrun: *W,DLCVAR (/home/grads/s/shenyuchun/cds.lib,8): cds.lib Invalid environment variable ''.
DEFINE      NCSU_TechLib_tsmc02     $CDK_DIR/lib/NCSU_TechLib_tsmc02
|
xrun: *W,DLCVAR (/home/grads/s/shenyuchun/cds.lib,9): cds.lib Invalid environment variable ''.
DEFINE      NCSU_TechLib_tsmc02d    $CDK_DIR/lib/NCSU_TechLib_tsmc02d
|
xrun: *W,DLCVAR (/home/grads/s/shenyuchun/cds.lib,10): cds.lib Invalid environment variable ''.
DEFINE      NCSU_TechLib_tsmc03     $CDK_DIR/lib/NCSU_TechLib_tsmc03
|
xrun: *W,DLCVAR (/home/grads/s/shenyuchun/cds.lib,11): cds.lib Invalid environment variable ''.
DEFINE      NCSU_TechLib_tsmc03d    $CDK_DIR/lib/NCSU_TechLib_tsmc03d
|
xrun: *W,DLCVAR (/home/grads/s/shenyuchun/cds.lib,12): cds.lib Invalid environment variable ''.
DEFINE      NCSU_TechLib_tsmc04_4M2P    $CDK_DIR/lib/NCSU_TechLib_tsmc04_4M2P
|
xrun: *W,DLCVAR (/home/grads/s/shenyuchun/cds.lib,13): cds.lib Invalid environment variable ''.
SOFTINCLUDE $SYSTEM_CDS_LIB_DIR/cds.lib
|
xrun: *W,DLCVAR (/home/grads/s/shenyuchun/cds.lib,1): cds.lib Invalid environment variable ''.
DEFINE      basic                   $CDK_DIR/lib/basic
|
xrun: *W,DLCVAR (/home/grads/s/shenyuchun/cds.lib,2): cds.lib Invalid environment variable ''.
DEFINE      NCSU_Analog_Parts 	    $CDK_DIR/lib/NCSU_Analog_Parts
|
xrun: *W,DLCVAR (/home/grads/s/shenyuchun/cds.lib,3): cds.lib Invalid environment variable ''.
DEFINE      NCSU_Digital_Parts 	    $CDK_DIR/lib/NCSU_Digital_Parts
|
xrun: *W,DLCVAR (/home/grads/s/shenyuchun/cds.lib,4): cds.lib Invalid environment variable ''.
DEFINE      NCSU_TechLib_ami06      $CDK_DIR/lib/NCSU_TechLib_ami06
|
xrun: *W,DLCVAR (/home/grads/s/shenyuchun/cds.lib,6): cds.lib Invalid environment variable ''.
DEFINE      NCSU_TechLib_ami16      $CDK_DIR/lib/NCSU_TechLib_ami16
|
xrun: *W,DLCVAR (/home/grads/s/shenyuchun/cds.lib,7): cds.lib Invalid environment variable ''.
DEFINE      NCSU_TechLib_hp06       $CDK_DIR/lib/NCSU_TechLib_hp06
|
xrun: *W,DLCVAR (/home/grads/s/shenyuchun/cds.lib,8): cds.lib Invalid environment variable ''.
DEFINE      NCSU_TechLib_tsmc02     $CDK_DIR/lib/NCSU_TechLib_tsmc02
|
xrun: *W,DLCVAR (/home/grads/s/shenyuchun/cds.lib,9): cds.lib Invalid environment variable ''.
DEFINE      NCSU_TechLib_tsmc02d    $CDK_DIR/lib/NCSU_TechLib_tsmc02d
|
xrun: *W,DLCVAR (/home/grads/s/shenyuchun/cds.lib,10): cds.lib Invalid environment variable ''.
DEFINE      NCSU_TechLib_tsmc03     $CDK_DIR/lib/NCSU_TechLib_tsmc03
|
xrun: *W,DLCVAR (/home/grads/s/shenyuchun/cds.lib,11): cds.lib Invalid environment variable ''.
DEFINE      NCSU_TechLib_tsmc03d    $CDK_DIR/lib/NCSU_TechLib_tsmc03d
|
xrun: *W,DLCVAR (/home/grads/s/shenyuchun/cds.lib,12): cds.lib Invalid environment variable ''.
DEFINE      NCSU_TechLib_tsmc04_4M2P    $CDK_DIR/lib/NCSU_TechLib_tsmc04_4M2P
|
xrun: *W,DLCVAR (/home/grads/s/shenyuchun/cds.lib,13): cds.lib Invalid environment variable ''.
SOFTINCLUDE $SYSTEM_CDS_LIB_DIR/cds.lib
|
xmelab: *W,DLCVAR (/home/grads/s/shenyuchun/cds.lib,1): cds.lib Invalid environment variable ''.
DEFINE      basic                   $CDK_DIR/lib/basic
|
xmelab: *W,DLCVAR (/home/grads/s/shenyuchun/cds.lib,2): cds.lib Invalid environment variable ''.
DEFINE      NCSU_Analog_Parts 	    $CDK_DIR/lib/NCSU_Analog_Parts
|
xmelab: *W,DLCVAR (/home/grads/s/shenyuchun/cds.lib,3): cds.lib Invalid environment variable ''.
DEFINE      NCSU_Digital_Parts 	    $CDK_DIR/lib/NCSU_Digital_Parts
|
xmelab: *W,DLCVAR (/home/grads/s/shenyuchun/cds.lib,4): cds.lib Invalid environment variable ''.
DEFINE      NCSU_TechLib_ami06      $CDK_DIR/lib/NCSU_TechLib_ami06
|
xmelab: *W,DLCVAR (/home/grads/s/shenyuchun/cds.lib,6): cds.lib Invalid environment variable ''.
DEFINE      NCSU_TechLib_ami16      $CDK_DIR/lib/NCSU_TechLib_ami16
|
xmelab: *W,DLCVAR (/home/grads/s/shenyuchun/cds.lib,7): cds.lib Invalid environment variable ''.
DEFINE      NCSU_TechLib_hp06       $CDK_DIR/lib/NCSU_TechLib_hp06
|
xmelab: *W,DLCVAR (/home/grads/s/shenyuchun/cds.lib,8): cds.lib Invalid environment variable ''.
DEFINE      NCSU_TechLib_tsmc02     $CDK_DIR/lib/NCSU_TechLib_tsmc02
|
xmelab: *W,DLCVAR (/home/grads/s/shenyuchun/cds.lib,9): cds.lib Invalid environment variable ''.
DEFINE      NCSU_TechLib_tsmc02d    $CDK_DIR/lib/NCSU_TechLib_tsmc02d
|
xmelab: *W,DLCVAR (/home/grads/s/shenyuchun/cds.lib,10): cds.lib Invalid environment variable ''.
DEFINE      NCSU_TechLib_tsmc03     $CDK_DIR/lib/NCSU_TechLib_tsmc03
|
xmelab: *W,DLCVAR (/home/grads/s/shenyuchun/cds.lib,11): cds.lib Invalid environment variable ''.
DEFINE      NCSU_TechLib_tsmc03d    $CDK_DIR/lib/NCSU_TechLib_tsmc03d
|
xmelab: *W,DLCVAR (/home/grads/s/shenyuchun/cds.lib,12): cds.lib Invalid environment variable ''.
DEFINE      NCSU_TechLib_tsmc04_4M2P    $CDK_DIR/lib/NCSU_TechLib_tsmc04_4M2P
|
xmelab: *W,DLCVAR (/home/grads/s/shenyuchun/cds.lib,13): cds.lib Invalid environment variable ''.
		Caching library 'worklib' ....... Done
	Elaborating the design hierarchy:
	Top level design units:
		typedefs
		$unit_0x6528584e
		alu_test
xmelab: *W,DSEMEL: This SystemVerilog design will be simulated as per IEEE 1800-2009 SystemVerilog simulation semantics. Use -disable_sem2009 option for turning off SV 2009 simulation semantics.
	Building instance overlay tables: .................... Done
	Generating native compiled code:
SOFTINCLUDE $SYSTEM_CDS_LIB_DIR/cds.lib
|
xmvlog_cg: *W,DLCVAR (/home/grads/s/shenyuchun/cds.lib,1): cds.lib Invalid environment variable ''.
DEFINE      basic                   $CDK_DIR/lib/basic
|
xmvlog_cg: *W,DLCVAR (/home/grads/s/shenyuchun/cds.lib,2): cds.lib Invalid environment variable ''.
DEFINE      NCSU_Analog_Parts 	    $CDK_DIR/lib/NCSU_Analog_Parts
|
xmvlog_cg: *W,DLCVAR (/home/grads/s/shenyuchun/cds.lib,3): cds.lib Invalid environment variable ''.
DEFINE      NCSU_Digital_Parts 	    $CDK_DIR/lib/NCSU_Digital_Parts
|
xmvlog_cg: *W,DLCVAR (/home/grads/s/shenyuchun/cds.lib,4): cds.lib Invalid environment variable ''.
DEFINE      NCSU_TechLib_ami06      $CDK_DIR/lib/NCSU_TechLib_ami06
|
xmvlog_cg: *W,DLCVAR (/home/grads/s/shenyuchun/cds.lib,6): cds.lib Invalid environment variable ''.
DEFINE      NCSU_TechLib_ami16      $CDK_DIR/lib/NCSU_TechLib_ami16
|
xmvlog_cg: *W,DLCVAR (/home/grads/s/shenyuchun/cds.lib,7): cds.lib Invalid environment variable ''.
DEFINE      NCSU_TechLib_hp06       $CDK_DIR/lib/NCSU_TechLib_hp06
|
xmvlog_cg: *W,DLCVAR (/home/grads/s/shenyuchun/cds.lib,8): cds.lib Invalid environment variable ''.
DEFINE      NCSU_TechLib_tsmc02     $CDK_DIR/lib/NCSU_TechLib_tsmc02
|
xmvlog_cg: *W,DLCVAR (/home/grads/s/shenyuchun/cds.lib,9): cds.lib Invalid environment variable ''.
DEFINE      NCSU_TechLib_tsmc02d    $CDK_DIR/lib/NCSU_TechLib_tsmc02d
|
xmvlog_cg: *W,DLCVAR (/home/grads/s/shenyuchun/cds.lib,10): cds.lib Invalid environment variable ''.
DEFINE      NCSU_TechLib_tsmc03     $CDK_DIR/lib/NCSU_TechLib_tsmc03
|
xmvlog_cg: *W,DLCVAR (/home/grads/s/shenyuchun/cds.lib,11): cds.lib Invalid environment variable ''.
DEFINE      NCSU_TechLib_tsmc03d    $CDK_DIR/lib/NCSU_TechLib_tsmc03d
|
xmvlog_cg: *W,DLCVAR (/home/grads/s/shenyuchun/cds.lib,12): cds.lib Invalid environment variable ''.
DEFINE      NCSU_TechLib_tsmc04_4M2P    $CDK_DIR/lib/NCSU_TechLib_tsmc04_4M2P
|
xmvlog_cg: *W,DLCVAR (/home/grads/s/shenyuchun/cds.lib,13): cds.lib Invalid environment variable ''.
		worklib.alu:sv <0x1bf6173e>
			streams:   3, words:  1140
		worklib.alu_test:sv <0x78b4c2ae>
			streams:  12, words: 20501
	Building instance specific data structures.
	Loading native compiled code:     .................... Done
	Design hierarchy summary:
		                   Instances  Unique
		Modules:                   2       2
		Verilog packages:          1       1
		Registers:                 9       9
		Scalar wires:              3       -
		Vectored wires:            5       -
		Always blocks:             3       3
		Initial blocks:            4       4
		Pseudo assignments:        6       6
		Compilation units:         1       1
		Simulation timescale:  100ps
	Writing initial simulation snapshot: worklib.alu_test:sv
SOFTINCLUDE $SYSTEM_CDS_LIB_DIR/cds.lib
|
xmsim: *W,DLCVAR (/home/grads/s/shenyuchun/cds.lib,1): cds.lib Invalid environment variable ''.
DEFINE      basic                   $CDK_DIR/lib/basic
|
xmsim: *W,DLCVAR (/home/grads/s/shenyuchun/cds.lib,2): cds.lib Invalid environment variable ''.
DEFINE      NCSU_Analog_Parts 	    $CDK_DIR/lib/NCSU_Analog_Parts
|
xmsim: *W,DLCVAR (/home/grads/s/shenyuchun/cds.lib,3): cds.lib Invalid environment variable ''.
DEFINE      NCSU_Digital_Parts 	    $CDK_DIR/lib/NCSU_Digital_Parts
|
xmsim: *W,DLCVAR (/home/grads/s/shenyuchun/cds.lib,4): cds.lib Invalid environment variable ''.
DEFINE      NCSU_TechLib_ami06      $CDK_DIR/lib/NCSU_TechLib_ami06
|
xmsim: *W,DLCVAR (/home/grads/s/shenyuchun/cds.lib,6): cds.lib Invalid environment variable ''.
DEFINE      NCSU_TechLib_ami16      $CDK_DIR/lib/NCSU_TechLib_ami16
|
xmsim: *W,DLCVAR (/home/grads/s/shenyuchun/cds.lib,7): cds.lib Invalid environment variable ''.
DEFINE      NCSU_TechLib_hp06       $CDK_DIR/lib/NCSU_TechLib_hp06
|
xmsim: *W,DLCVAR (/home/grads/s/shenyuchun/cds.lib,8): cds.lib Invalid environment variable ''.
DEFINE      NCSU_TechLib_tsmc02     $CDK_DIR/lib/NCSU_TechLib_tsmc02
|
xmsim: *W,DLCVAR (/home/grads/s/shenyuchun/cds.lib,9): cds.lib Invalid environment variable ''.
DEFINE      NCSU_TechLib_tsmc02d    $CDK_DIR/lib/NCSU_TechLib_tsmc02d
|
xmsim: *W,DLCVAR (/home/grads/s/shenyuchun/cds.lib,10): cds.lib Invalid environment variable ''.
DEFINE      NCSU_TechLib_tsmc03     $CDK_DIR/lib/NCSU_TechLib_tsmc03
|
xmsim: *W,DLCVAR (/home/grads/s/shenyuchun/cds.lib,11): cds.lib Invalid environment variable ''.
DEFINE      NCSU_TechLib_tsmc03d    $CDK_DIR/lib/NCSU_TechLib_tsmc03d
|
xmsim: *W,DLCVAR (/home/grads/s/shenyuchun/cds.lib,12): cds.lib Invalid environment variable ''.
DEFINE      NCSU_TechLib_tsmc04_4M2P    $CDK_DIR/lib/NCSU_TechLib_tsmc04_4M2P
|
xmsim: *W,DLCVAR (/home/grads/s/shenyuchun/cds.lib,13): cds.lib Invalid environment variable ''.
Loading snapshot worklib.alu_test:sv .................... Done
xmsim: *W,DSEM2009: This SystemVerilog design is simulated as per IEEE 1800-2009 SystemVerilog simulation semantics. Use -disable_sem2009 option for turning off SV 2009 simulation semantics.
xcelium> source /opt/coe/cadence/XCELIUM/tools/xcelium/files/xmsimrc
xcelium> run
  20.0 ns opcode=HLT data=37 accum=da | zero=0 out=da
  30.0 ns opcode=SKZ data=37 accum=da | zero=0 out=da
  40.0 ns opcode=ADD data=37 accum=da | zero=0 out=11
  50.0 ns opcode=AND data=37 accum=da | zero=0 out=12
  60.0 ns opcode=XOR data=37 accum=da | zero=0 out=ed
  70.0 ns opcode=LDA data=37 accum=da | zero=0 out=37
  80.0 ns opcode=STO data=37 accum=da | zero=0 out=da
  90.0 ns opcode=JMP data=37 accum=00 | zero=1 out=00
 100.0 ns opcode=ADD data=07 accum=12 | zero=0 out=19
 110.0 ns opcode=AND data=1f accum=35 | zero=0 out=15
 120.0 ns opcode=XOR data=1e accum=1d | zero=0 out=03
 130.0 ns opcode=LDA data=72 accum=00 | zero=1 out=72
 140.0 ns opcode=STO data=00 accum=10 | zero=0 out=10
ALU TEST PASSED
Simulation complete via $finish(1) at time 140 NS + 0
./alu_test.sv:71       $finish;
xcelium> exit
TOOL:	xrun	22.03-s012: Exiting on Dec 26, 2025 at 19:19:32 CST  (total: 00:00:01)
