xrun: 22.03-s012: (c) Copyright 1995-2023 Cadence Design Systems, Inc.
TOOL:	xrun	22.03-s012: Started on Dec 30, 2025 at 20:03:26 CST
xrun
	flipflop.sv
	flipflop_test.sv
	-access rwc
SOFTINCLUDE $SYSTEM_CDS_LIB_DIR/cds.lib
|
xrun: *W,DLCVAR (/home/grads/s/shenyuchun/cds.lib,1): cds.lib Invalid environment variable ''.
DEFINE      basic                   $CDK_DIR/lib/basic
|
xrun: *W,DLCVAR (/home/grads/s/shenyuchun/cds.lib,2): cds.lib Invalid environment variable ''.
DEFINE      NCSU_Analog_Parts 	    $CDK_DIR/lib/NCSU_Analog_Parts
|
xrun: *W,DLCVAR (/home/grads/s/shenyuchun/cds.lib,3): cds.lib Invalid environment variable ''.
DEFINE      NCSU_Digital_Parts 	    $CDK_DIR/lib/NCSU_Digital_Parts
|
xrun: *W,DLCVAR (/home/grads/s/shenyuchun/cds.lib,4): cds.lib Invalid environment variable ''.
DEFINE      NCSU_TechLib_ami06      $CDK_DIR/lib/NCSU_TechLib_ami06
|
xrun: *W,DLCVAR (/home/grads/s/shenyuchun/cds.lib,6): cds.lib Invalid environment variable ''.
DEFINE      NCSU_TechLib_ami16      $CDK_DIR/lib/NCSU_TechLib_ami16
|
xrun: *W,DLCVAR (/home/grads/s/shenyuchun/cds.lib,7): cds.lib Invalid environment variable ''.
DEFINE      NCSU_TechLib_hp06       $CDK_DIR/lib/NCSU_TechLib_hp06
|
xrun: *W,DLCVAR (/home/grads/s/shenyuchun/cds.lib,8): cds.lib Invalid environment variable ''.
DEFINE      NCSU_TechLib_tsmc02     $CDK_DIR/lib/NCSU_TechLib_tsmc02
|
xrun: *W,DLCVAR (/home/grads/s/shenyuchun/cds.lib,9): cds.lib Invalid environment variable ''.
DEFINE      NCSU_TechLib_tsmc02d    $CDK_DIR/lib/NCSU_TechLib_tsmc02d
|
xrun: *W,DLCVAR (/home/grads/s/shenyuchun/cds.lib,10): cds.lib Invalid environment variable ''.
DEFINE      NCSU_TechLib_tsmc03     $CDK_DIR/lib/NCSU_TechLib_tsmc03
|
xrun: *W,DLCVAR (/home/grads/s/shenyuchun/cds.lib,11): cds.lib Invalid environment variable ''.
DEFINE      NCSU_TechLib_tsmc03d    $CDK_DIR/lib/NCSU_TechLib_tsmc03d
|
xrun: *W,DLCVAR (/home/grads/s/shenyuchun/cds.lib,12): cds.lib Invalid environment variable ''.
DEFINE      NCSU_TechLib_tsmc04_4M2P    $CDK_DIR/lib/NCSU_TechLib_tsmc04_4M2P
|
xrun: *W,DLCVAR (/home/grads/s/shenyuchun/cds.lib,13): cds.lib Invalid environment variable ''.
SOFTINCLUDE $SYSTEM_CDS_LIB_DIR/cds.lib
|
xrun: *W,DLCVAR (/home/grads/s/shenyuchun/cds.lib,1): cds.lib Invalid environment variable ''.
DEFINE      basic                   $CDK_DIR/lib/basic
|
xrun: *W,DLCVAR (/home/grads/s/shenyuchun/cds.lib,2): cds.lib Invalid environment variable ''.
DEFINE      NCSU_Analog_Parts 	    $CDK_DIR/lib/NCSU_Analog_Parts
|
xrun: *W,DLCVAR (/home/grads/s/shenyuchun/cds.lib,3): cds.lib Invalid environment variable ''.
DEFINE      NCSU_Digital_Parts 	    $CDK_DIR/lib/NCSU_Digital_Parts
|
xrun: *W,DLCVAR (/home/grads/s/shenyuchun/cds.lib,4): cds.lib Invalid environment variable ''.
DEFINE      NCSU_TechLib_ami06      $CDK_DIR/lib/NCSU_TechLib_ami06
|
xrun: *W,DLCVAR (/home/grads/s/shenyuchun/cds.lib,6): cds.lib Invalid environment variable ''.
DEFINE      NCSU_TechLib_ami16      $CDK_DIR/lib/NCSU_TechLib_ami16
|
xrun: *W,DLCVAR (/home/grads/s/shenyuchun/cds.lib,7): cds.lib Invalid environment variable ''.
DEFINE      NCSU_TechLib_hp06       $CDK_DIR/lib/NCSU_TechLib_hp06
|
xrun: *W,DLCVAR (/home/grads/s/shenyuchun/cds.lib,8): cds.lib Invalid environment variable ''.
DEFINE      NCSU_TechLib_tsmc02     $CDK_DIR/lib/NCSU_TechLib_tsmc02
|
xrun: *W,DLCVAR (/home/grads/s/shenyuchun/cds.lib,9): cds.lib Invalid environment variable ''.
DEFINE      NCSU_TechLib_tsmc02d    $CDK_DIR/lib/NCSU_TechLib_tsmc02d
|
xrun: *W,DLCVAR (/home/grads/s/shenyuchun/cds.lib,10): cds.lib Invalid environment variable ''.
DEFINE      NCSU_TechLib_tsmc03     $CDK_DIR/lib/NCSU_TechLib_tsmc03
|
xrun: *W,DLCVAR (/home/grads/s/shenyuchun/cds.lib,11): cds.lib Invalid environment variable ''.
DEFINE      NCSU_TechLib_tsmc03d    $CDK_DIR/lib/NCSU_TechLib_tsmc03d
|
xrun: *W,DLCVAR (/home/grads/s/shenyuchun/cds.lib,12): cds.lib Invalid environment variable ''.
DEFINE      NCSU_TechLib_tsmc04_4M2P    $CDK_DIR/lib/NCSU_TechLib_tsmc04_4M2P
|
xrun: *W,DLCVAR (/home/grads/s/shenyuchun/cds.lib,13): cds.lib Invalid environment variable ''.
SOFTINCLUDE $SYSTEM_CDS_LIB_DIR/cds.lib
|
xrun: *W,DLCVAR (/home/grads/s/shenyuchun/cds.lib,1): cds.lib Invalid environment variable ''.
DEFINE      basic                   $CDK_DIR/lib/basic
|
xrun: *W,DLCVAR (/home/grads/s/shenyuchun/cds.lib,2): cds.lib Invalid environment variable ''.
DEFINE      NCSU_Analog_Parts 	    $CDK_DIR/lib/NCSU_Analog_Parts
|
xrun: *W,DLCVAR (/home/grads/s/shenyuchun/cds.lib,3): cds.lib Invalid environment variable ''.
DEFINE      NCSU_Digital_Parts 	    $CDK_DIR/lib/NCSU_Digital_Parts
|
xrun: *W,DLCVAR (/home/grads/s/shenyuchun/cds.lib,4): cds.lib Invalid environment variable ''.
DEFINE      NCSU_TechLib_ami06      $CDK_DIR/lib/NCSU_TechLib_ami06
|
xrun: *W,DLCVAR (/home/grads/s/shenyuchun/cds.lib,6): cds.lib Invalid environment variable ''.
DEFINE      NCSU_TechLib_ami16      $CDK_DIR/lib/NCSU_TechLib_ami16
|
xrun: *W,DLCVAR (/home/grads/s/shenyuchun/cds.lib,7): cds.lib Invalid environment variable ''.
DEFINE      NCSU_TechLib_hp06       $CDK_DIR/lib/NCSU_TechLib_hp06
|
xrun: *W,DLCVAR (/home/grads/s/shenyuchun/cds.lib,8): cds.lib Invalid environment variable ''.
DEFINE      NCSU_TechLib_tsmc02     $CDK_DIR/lib/NCSU_TechLib_tsmc02
|
xrun: *W,DLCVAR (/home/grads/s/shenyuchun/cds.lib,9): cds.lib Invalid environment variable ''.
DEFINE      NCSU_TechLib_tsmc02d    $CDK_DIR/lib/NCSU_TechLib_tsmc02d
|
xrun: *W,DLCVAR (/home/grads/s/shenyuchun/cds.lib,10): cds.lib Invalid environment variable ''.
DEFINE      NCSU_TechLib_tsmc03     $CDK_DIR/lib/NCSU_TechLib_tsmc03
|
xrun: *W,DLCVAR (/home/grads/s/shenyuchun/cds.lib,11): cds.lib Invalid environment variable ''.
DEFINE      NCSU_TechLib_tsmc03d    $CDK_DIR/lib/NCSU_TechLib_tsmc03d
|
xrun: *W,DLCVAR (/home/grads/s/shenyuchun/cds.lib,12): cds.lib Invalid environment variable ''.
DEFINE      NCSU_TechLib_tsmc04_4M2P    $CDK_DIR/lib/NCSU_TechLib_tsmc04_4M2P
|
xrun: *W,DLCVAR (/home/grads/s/shenyuchun/cds.lib,13): cds.lib Invalid environment variable ''.
SOFTINCLUDE $SYSTEM_CDS_LIB_DIR/cds.lib
|
xrun: *W,DLCVAR (/home/grads/s/shenyuchun/cds.lib,1): cds.lib Invalid environment variable ''.
DEFINE      basic                   $CDK_DIR/lib/basic
|
xrun: *W,DLCVAR (/home/grads/s/shenyuchun/cds.lib,2): cds.lib Invalid environment variable ''.
DEFINE      NCSU_Analog_Parts 	    $CDK_DIR/lib/NCSU_Analog_Parts
|
xrun: *W,DLCVAR (/home/grads/s/shenyuchun/cds.lib,3): cds.lib Invalid environment variable ''.
DEFINE      NCSU_Digital_Parts 	    $CDK_DIR/lib/NCSU_Digital_Parts
|
xrun: *W,DLCVAR (/home/grads/s/shenyuchun/cds.lib,4): cds.lib Invalid environment variable ''.
DEFINE      NCSU_TechLib_ami06      $CDK_DIR/lib/NCSU_TechLib_ami06
|
xrun: *W,DLCVAR (/home/grads/s/shenyuchun/cds.lib,6): cds.lib Invalid environment variable ''.
DEFINE      NCSU_TechLib_ami16      $CDK_DIR/lib/NCSU_TechLib_ami16
|
xrun: *W,DLCVAR (/home/grads/s/shenyuchun/cds.lib,7): cds.lib Invalid environment variable ''.
DEFINE      NCSU_TechLib_hp06       $CDK_DIR/lib/NCSU_TechLib_hp06
|
xrun: *W,DLCVAR (/home/grads/s/shenyuchun/cds.lib,8): cds.lib Invalid environment variable ''.
DEFINE      NCSU_TechLib_tsmc02     $CDK_DIR/lib/NCSU_TechLib_tsmc02
|
xrun: *W,DLCVAR (/home/grads/s/shenyuchun/cds.lib,9): cds.lib Invalid environment variable ''.
DEFINE      NCSU_TechLib_tsmc02d    $CDK_DIR/lib/NCSU_TechLib_tsmc02d
|
xrun: *W,DLCVAR (/home/grads/s/shenyuchun/cds.lib,10): cds.lib Invalid environment variable ''.
DEFINE      NCSU_TechLib_tsmc03     $CDK_DIR/lib/NCSU_TechLib_tsmc03
|
xrun: *W,DLCVAR (/home/grads/s/shenyuchun/cds.lib,11): cds.lib Invalid environment variable ''.
DEFINE      NCSU_TechLib_tsmc03d    $CDK_DIR/lib/NCSU_TechLib_tsmc03d
|
xrun: *W,DLCVAR (/home/grads/s/shenyuchun/cds.lib,12): cds.lib Invalid environment variable ''.
DEFINE      NCSU_TechLib_tsmc04_4M2P    $CDK_DIR/lib/NCSU_TechLib_tsmc04_4M2P
|
xrun: *W,DLCVAR (/home/grads/s/shenyuchun/cds.lib,13): cds.lib Invalid environment variable ''.
SOFTINCLUDE $SYSTEM_CDS_LIB_DIR/cds.lib
|
xrun: *W,DLCVAR (/home/grads/s/shenyuchun/cds.lib,1): cds.lib Invalid environment variable ''.
DEFINE      basic                   $CDK_DIR/lib/basic
|
xrun: *W,DLCVAR (/home/grads/s/shenyuchun/cds.lib,2): cds.lib Invalid environment variable ''.
DEFINE      NCSU_Analog_Parts 	    $CDK_DIR/lib/NCSU_Analog_Parts
|
xrun: *W,DLCVAR (/home/grads/s/shenyuchun/cds.lib,3): cds.lib Invalid environment variable ''.
DEFINE      NCSU_Digital_Parts 	    $CDK_DIR/lib/NCSU_Digital_Parts
|
xrun: *W,DLCVAR (/home/grads/s/shenyuchun/cds.lib,4): cds.lib Invalid environment variable ''.
DEFINE      NCSU_TechLib_ami06      $CDK_DIR/lib/NCSU_TechLib_ami06
|
xrun: *W,DLCVAR (/home/grads/s/shenyuchun/cds.lib,6): cds.lib Invalid environment variable ''.
DEFINE      NCSU_TechLib_ami16      $CDK_DIR/lib/NCSU_TechLib_ami16
|
xrun: *W,DLCVAR (/home/grads/s/shenyuchun/cds.lib,7): cds.lib Invalid environment variable ''.
DEFINE      NCSU_TechLib_hp06       $CDK_DIR/lib/NCSU_TechLib_hp06
|
xrun: *W,DLCVAR (/home/grads/s/shenyuchun/cds.lib,8): cds.lib Invalid environment variable ''.
DEFINE      NCSU_TechLib_tsmc02     $CDK_DIR/lib/NCSU_TechLib_tsmc02
|
xrun: *W,DLCVAR (/home/grads/s/shenyuchun/cds.lib,9): cds.lib Invalid environment variable ''.
DEFINE      NCSU_TechLib_tsmc02d    $CDK_DIR/lib/NCSU_TechLib_tsmc02d
|
xrun: *W,DLCVAR (/home/grads/s/shenyuchun/cds.lib,10): cds.lib Invalid environment variable ''.
DEFINE      NCSU_TechLib_tsmc03     $CDK_DIR/lib/NCSU_TechLib_tsmc03
|
xrun: *W,DLCVAR (/home/grads/s/shenyuchun/cds.lib,11): cds.lib Invalid environment variable ''.
DEFINE      NCSU_TechLib_tsmc03d    $CDK_DIR/lib/NCSU_TechLib_tsmc03d
|
xrun: *W,DLCVAR (/home/grads/s/shenyuchun/cds.lib,12): cds.lib Invalid environment variable ''.
DEFINE      NCSU_TechLib_tsmc04_4M2P    $CDK_DIR/lib/NCSU_TechLib_tsmc04_4M2P
|
xrun: *W,DLCVAR (/home/grads/s/shenyuchun/cds.lib,13): cds.lib Invalid environment variable ''.
SOFTINCLUDE $SYSTEM_CDS_LIB_DIR/cds.lib
|
xrun: *W,DLCVAR (/home/grads/s/shenyuchun/cds.lib,1): cds.lib Invalid environment variable ''.
DEFINE      basic                   $CDK_DIR/lib/basic
|
xrun: *W,DLCVAR (/home/grads/s/shenyuchun/cds.lib,2): cds.lib Invalid environment variable ''.
DEFINE      NCSU_Analog_Parts 	    $CDK_DIR/lib/NCSU_Analog_Parts
|
xrun: *W,DLCVAR (/home/grads/s/shenyuchun/cds.lib,3): cds.lib Invalid environment variable ''.
DEFINE      NCSU_Digital_Parts 	    $CDK_DIR/lib/NCSU_Digital_Parts
|
xrun: *W,DLCVAR (/home/grads/s/shenyuchun/cds.lib,4): cds.lib Invalid environment variable ''.
DEFINE      NCSU_TechLib_ami06      $CDK_DIR/lib/NCSU_TechLib_ami06
|
xrun: *W,DLCVAR (/home/grads/s/shenyuchun/cds.lib,6): cds.lib Invalid environment variable ''.
DEFINE      NCSU_TechLib_ami16      $CDK_DIR/lib/NCSU_TechLib_ami16
|
xrun: *W,DLCVAR (/home/grads/s/shenyuchun/cds.lib,7): cds.lib Invalid environment variable ''.
DEFINE      NCSU_TechLib_hp06       $CDK_DIR/lib/NCSU_TechLib_hp06
|
xrun: *W,DLCVAR (/home/grads/s/shenyuchun/cds.lib,8): cds.lib Invalid environment variable ''.
DEFINE      NCSU_TechLib_tsmc02     $CDK_DIR/lib/NCSU_TechLib_tsmc02
|
xrun: *W,DLCVAR (/home/grads/s/shenyuchun/cds.lib,9): cds.lib Invalid environment variable ''.
DEFINE      NCSU_TechLib_tsmc02d    $CDK_DIR/lib/NCSU_TechLib_tsmc02d
|
xrun: *W,DLCVAR (/home/grads/s/shenyuchun/cds.lib,10): cds.lib Invalid environment variable ''.
DEFINE      NCSU_TechLib_tsmc03     $CDK_DIR/lib/NCSU_TechLib_tsmc03
|
xrun: *W,DLCVAR (/home/grads/s/shenyuchun/cds.lib,11): cds.lib Invalid environment variable ''.
DEFINE      NCSU_TechLib_tsmc03d    $CDK_DIR/lib/NCSU_TechLib_tsmc03d
|
xrun: *W,DLCVAR (/home/grads/s/shenyuchun/cds.lib,12): cds.lib Invalid environment variable ''.
DEFINE      NCSU_TechLib_tsmc04_4M2P    $CDK_DIR/lib/NCSU_TechLib_tsmc04_4M2P
|
xrun: *W,DLCVAR (/home/grads/s/shenyuchun/cds.lib,13): cds.lib Invalid environment variable ''.
SOFTINCLUDE $SYSTEM_CDS_LIB_DIR/cds.lib
|
xrun: *W,DLCVAR (/home/grads/s/shenyuchun/cds.lib,1): cds.lib Invalid environment variable ''.
DEFINE      basic                   $CDK_DIR/lib/basic
|
xrun: *W,DLCVAR (/home/grads/s/shenyuchun/cds.lib,2): cds.lib Invalid environment variable ''.
DEFINE      NCSU_Analog_Parts 	    $CDK_DIR/lib/NCSU_Analog_Parts
|
xrun: *W,DLCVAR (/home/grads/s/shenyuchun/cds.lib,3): cds.lib Invalid environment variable ''.
DEFINE      NCSU_Digital_Parts 	    $CDK_DIR/lib/NCSU_Digital_Parts
|
xrun: *W,DLCVAR (/home/grads/s/shenyuchun/cds.lib,4): cds.lib Invalid environment variable ''.
DEFINE      NCSU_TechLib_ami06      $CDK_DIR/lib/NCSU_TechLib_ami06
|
xrun: *W,DLCVAR (/home/grads/s/shenyuchun/cds.lib,6): cds.lib Invalid environment variable ''.
DEFINE      NCSU_TechLib_ami16      $CDK_DIR/lib/NCSU_TechLib_ami16
|
xrun: *W,DLCVAR (/home/grads/s/shenyuchun/cds.lib,7): cds.lib Invalid environment variable ''.
DEFINE      NCSU_TechLib_hp06       $CDK_DIR/lib/NCSU_TechLib_hp06
|
xrun: *W,DLCVAR (/home/grads/s/shenyuchun/cds.lib,8): cds.lib Invalid environment variable ''.
DEFINE      NCSU_TechLib_tsmc02     $CDK_DIR/lib/NCSU_TechLib_tsmc02
|
xrun: *W,DLCVAR (/home/grads/s/shenyuchun/cds.lib,9): cds.lib Invalid environment variable ''.
DEFINE      NCSU_TechLib_tsmc02d    $CDK_DIR/lib/NCSU_TechLib_tsmc02d
|
xrun: *W,DLCVAR (/home/grads/s/shenyuchun/cds.lib,10): cds.lib Invalid environment variable ''.
DEFINE      NCSU_TechLib_tsmc03     $CDK_DIR/lib/NCSU_TechLib_tsmc03
|
xrun: *W,DLCVAR (/home/grads/s/shenyuchun/cds.lib,11): cds.lib Invalid environment variable ''.
DEFINE      NCSU_TechLib_tsmc03d    $CDK_DIR/lib/NCSU_TechLib_tsmc03d
|
xrun: *W,DLCVAR (/home/grads/s/shenyuchun/cds.lib,12): cds.lib Invalid environment variable ''.
DEFINE      NCSU_TechLib_tsmc04_4M2P    $CDK_DIR/lib/NCSU_TechLib_tsmc04_4M2P
|
xrun: *W,DLCVAR (/home/grads/s/shenyuchun/cds.lib,13): cds.lib Invalid environment variable ''.
SOFTINCLUDE $SYSTEM_CDS_LIB_DIR/cds.lib
|
xmsim: *W,DLCVAR (/home/grads/s/shenyuchun/cds.lib,1): cds.lib Invalid environment variable ''.
DEFINE      basic                   $CDK_DIR/lib/basic
|
xmsim: *W,DLCVAR (/home/grads/s/shenyuchun/cds.lib,2): cds.lib Invalid environment variable ''.
DEFINE      NCSU_Analog_Parts 	    $CDK_DIR/lib/NCSU_Analog_Parts
|
xmsim: *W,DLCVAR (/home/grads/s/shenyuchun/cds.lib,3): cds.lib Invalid environment variable ''.
DEFINE      NCSU_Digital_Parts 	    $CDK_DIR/lib/NCSU_Digital_Parts
|
xmsim: *W,DLCVAR (/home/grads/s/shenyuchun/cds.lib,4): cds.lib Invalid environment variable ''.
DEFINE      NCSU_TechLib_ami06      $CDK_DIR/lib/NCSU_TechLib_ami06
|
xmsim: *W,DLCVAR (/home/grads/s/shenyuchun/cds.lib,6): cds.lib Invalid environment variable ''.
DEFINE      NCSU_TechLib_ami16      $CDK_DIR/lib/NCSU_TechLib_ami16
|
xmsim: *W,DLCVAR (/home/grads/s/shenyuchun/cds.lib,7): cds.lib Invalid environment variable ''.
DEFINE      NCSU_TechLib_hp06       $CDK_DIR/lib/NCSU_TechLib_hp06
|
xmsim: *W,DLCVAR (/home/grads/s/shenyuchun/cds.lib,8): cds.lib Invalid environment variable ''.
DEFINE      NCSU_TechLib_tsmc02     $CDK_DIR/lib/NCSU_TechLib_tsmc02
|
xmsim: *W,DLCVAR (/home/grads/s/shenyuchun/cds.lib,9): cds.lib Invalid environment variable ''.
DEFINE      NCSU_TechLib_tsmc02d    $CDK_DIR/lib/NCSU_TechLib_tsmc02d
|
xmsim: *W,DLCVAR (/home/grads/s/shenyuchun/cds.lib,10): cds.lib Invalid environment variable ''.
DEFINE      NCSU_TechLib_tsmc03     $CDK_DIR/lib/NCSU_TechLib_tsmc03
|
xmsim: *W,DLCVAR (/home/grads/s/shenyuchun/cds.lib,11): cds.lib Invalid environment variable ''.
DEFINE      NCSU_TechLib_tsmc03d    $CDK_DIR/lib/NCSU_TechLib_tsmc03d
|
xmsim: *W,DLCVAR (/home/grads/s/shenyuchun/cds.lib,12): cds.lib Invalid environment variable ''.
DEFINE      NCSU_TechLib_tsmc04_4M2P    $CDK_DIR/lib/NCSU_TechLib_tsmc04_4M2P
|
xmsim: *W,DLCVAR (/home/grads/s/shenyuchun/cds.lib,13): cds.lib Invalid environment variable ''.
Loading snapshot worklib.testflop:sv .................... Done
xmsim: *W,DSEM2009: This SystemVerilog design is simulated as per IEEE 1800-2009 SystemVerilog simulation semantics. Use -disable_sem2009 option for turning off SV 2009 simulation semantics.
xcelium> source /opt/coe/cadence/XCELIUM/tools/xcelium/files/xmsimrc
xcelium> run
Simulation complete via $finish(1) at time 150 NS + 0
./flipflop_test.sv:46      $finish();
xcelium> exit
TOOL:	xrun	22.03-s012: Exiting on Dec 30, 2025 at 20:03:29 CST  (total: 00:00:03)
